Arguments: 
  C:\node\nodejs\node.exe C:\Users\Fredo tech\AppData\Roaming\npm\node_modules\yarn\bin\yarn.js

PATH: 
  D:\nytex\node_modules\.bin;C:\Windows\system32;C:\Windows;C:\Windows\System32\Wbem;C:\Windows\System32\WindowsPowerShell\v1.0\;C:\Windows\System32\OpenSSH\;C:\Program Files\PuTTY\;C:\xampp\php;C:\ProgramData\ComposerSetup\bin;C:\Program Files\Git\cmd;C:\node\nvm;C:\node\nodejs;C:\Users\Fredo tech\AppData\Local\Microsoft\WindowsApps;C:\Users\Fredo tech\AppData\Local\Programs\Microsoft VS Code\bin;C:\Users\Fredo tech\AppData\Roaming\Composer\vendor\bin;C:\Users\Fredo tech\AppData\Roaming\npm;C:\node\nvm;C:\node\nodejs

Yarn version: 
  1.22.0

Node version: 
  12.16.1

Platform: 
  win32 x64

Trace: 
  Error: EPERM: operation not permitted, copyfile 'C:\Users\Fredo tech\AppData\Local\Yarn\Cache\v6\npm-gatsby-plugin-react-helmet-3.1.23-f324dbdc1a8777b5b257dbab62afc6beac01cd1a-integrity\node_modules\gatsby-plugin-react-helmet\index.js' -> 'D:\nytex\node_modules\gatsby-plugin-react-helmet\index.js'

npm manifest: 
  {
    "name": "gatsby-demo-simple-auth",
    "description": "Gatsby demo of simplified authentication flow.",
    "version": "1.0.0",
    "scripts": {
      "build": "gatsby build",
      "develop": "gatsby develop",
      "format": "prettier --write 'src/**/*.js'",
      "start": "npm run develop",
      "compile": "truffle compile",
      "deploy:local": "truffle migrate --reset --network localhost",
      "deploy:dev": "truffle migrate --reset --network development",
      "parser": "babel-eslint",
      "pretest": "eslint --ignore-path .gitignore .",
      "lint": "eslint ./**.js **.js",
      "travislint": "eslint --ignore-path .gitignore .",
      "lint:fix": "eslint . --fix",
      "lint:sol": "solium -d contracts/"
    },
    "author": "nexty.io",
    "dependencies": {
      "antd": "^4.0.0",
      "big-integer": "^1.6.43",
      "big-number": "^2.0.0",
      "bignumber.js": "^8.1.1",
      "gatsby": "^2.0.0",
      "gatsby-plugin-react-helmet": "^3.0.0",
      "gatsby-plugin-sass": "^2.1.30",
      "lodash": "^4.17.11",
      "node-sass": "^4.13.1",
      "prop-types": "^15.6.1",
      "react": "^16.13.0",
      "react-dom": "^16.4.0",
      "react-helmet": "^5.2.0",
      "react-redux": "^7.2.0",
      "truffle": "^5.0.12",
      "truffle-hdwallet-provider": "^1.0.6",
      "web3": "1.0.0-beta.36"
    },
    "keywords": [
      "gatsby"
    ],
    "license": "MIT"
  }

yarn manifest: 
  No manifest

Lockfile: 
  No lockfile
